# JRE version: OpenJDK Runtime Environment Microsoft-32931 (17.0.3+7) (build 17.0.3+7-LTS)
# Java VM: OpenJDK 64-Bit Server VM Microsoft-32931 (17.0.3+7-LTS, mixed mode, tiered, compressed oops, compressed class ptrs, g1 gc, windows-amd64)
GC Precious Log:
 CPUs: 4 total, 4 available
 Memory: 14284M
 Large Page Support: Disabled
 NUMA Support: Disabled
 Compressed Oops: Enabled (Zero based)
 Heap Region Size: 4M
 Heap Min Capacity: 256M
 Heap Initial Capacity: 256M
 Heap Max Capacity: 5024M
 Pre-touch: Disabled
 Parallel Workers: 4
 Concurrent Workers: 1
 Concurrent Refinement Workers: 4
 Periodic GC: Disabled
Heap:
 garbage-first heap   total 1032192K, used 761937K [0x00000006c6000000, 0x0000000800000000)
  region size 4096K, 104 young (425984K), 2 survivors (8192K)
 Metaspace       used 94930K, committed 97024K, reserved 1138688K
  class space    used 13109K, committed 14016K, reserved 1048576K
GC Heap History (20 events):
Event: 18.845 GC heap before
{Heap before GC invocations=29 (full 0):
 garbage-first heap   total 860160K, used 699793K [0x00000006c6000000, 0x0000000800000000)
  region size 4096K, 126 young (516096K), 13 survivors (53248K)
 Metaspace       used 44546K, committed 46272K, reserved 1089536K
  class space    used 5066K, committed 5824K, reserved 1048576K
}
Event: 18.883 GC heap after
{Heap after GC invocations=30 (full 0):
 garbage-first heap   total 860160K, used 264700K [0x00000006c6000000, 0x0000000800000000)
  region size 4096K, 15 young (61440K), 15 survivors (61440K)
 Metaspace       used 44546K, committed 46272K, reserved 1089536K
  class space    used 5066K, committed 5824K, reserved 1048576K
}
Event: 19.589 GC heap before
{Heap before GC invocations=30 (full 0):
 garbage-first heap   total 860160K, used 707068K [0x00000006c6000000, 0x0000000800000000)
  region size 4096K, 123 young (503808K), 15 survivors (61440K)
 Metaspace       used 45598K, committed 47360K, reserved 1097728K
  class space    used 5184K, committed 5952K, reserved 1048576K
}
Event: 19.623 GC heap after
{Heap after GC invocations=31 (full 0):
 garbage-first heap   total 860160K, used 269909K [0x00000006c6000000, 0x0000000800000000)
  region size 4096K, 9 young (36864K), 9 survivors (36864K)
 Metaspace       used 45598K, committed 47360K, reserved 1097728K
  class space    used 5184K, committed 5952K, reserved 1048576K
}
Event: 21.353 GC heap before
{Heap before GC invocations=31 (full 0):
 garbage-first heap   total 860160K, used 732757K [0x00000006c6000000, 0x0000000800000000)
  region size 4096K, 119 young (487424K), 9 survivors (36864K)
 Metaspace       used 51176K, committed 52992K, reserved 1097728K
  class space    used 5865K, committed 6656K, reserved 1048576K
}
Event: 21.383 GC heap after
{Heap after GC invocations=32 (full 0):
 garbage-first heap   total 1032192K, used 293972K [0x00000006c6000000, 0x0000000800000000)
  region size 4096K, 6 young (24576K), 6 survivors (24576K)
 Metaspace       used 51176K, committed 52992K, reserved 1097728K
  class space    used 5865K, committed 6656K, reserved 1048576K
}
Event: 22.676 GC heap before
{Heap before GC invocations=32 (full 0):
 garbage-first heap   total 1032192K, used 871508K [0x00000006c6000000, 0x0000000800000000)
  region size 4096K, 147 young (602112K), 6 survivors (24576K)
 Metaspace       used 55810K, committed 57600K, reserved 1105920K
  class space    used 6389K, committed 7168K, reserved 1048576K
}
Event: 22.693 GC heap after
{Heap after GC invocations=33 (full 0):
 garbage-first heap   total 1032192K, used 297342K [0x00000006c6000000, 0x0000000800000000)
  region size 4096K, 7 young (28672K), 7 survivors (28672K)
 Metaspace       used 55810K, committed 57600K, reserved 1105920K
  class space    used 6389K, committed 7168K, reserved 1048576K
}
Event: 23.581 GC heap before
{Heap before GC invocations=33 (full 0):
 garbage-first heap   total 1032192K, used 702846K [0x00000006c6000000, 0x0000000800000000)
  region size 4096K, 107 young (438272K), 7 survivors (28672K)
 Metaspace       used 58896K, committed 60736K, reserved 1105920K
  class space    used 7074K, committed 7872K, reserved 1048576K
}
Event: 23.598 GC heap after
{Heap after GC invocations=34 (full 0):
 garbage-first heap   total 1032192K, used 300259K [0x00000006c6000000, 0x0000000800000000)
  region size 4096K, 7 young (28672K), 7 survivors (28672K)
 Metaspace       used 58896K, committed 60736K, reserved 1105920K
  class space    used 7074K, committed 7872K, reserved 1048576K
}
Event: 25.499 GC heap before
{Heap before GC invocations=35 (full 0):
 garbage-first heap   total 1032192K, used 885987K [0x00000006c6000000, 0x0000000800000000)
  region size 4096K, 150 young (614400K), 7 survivors (28672K)
 Metaspace       used 64328K, committed 66240K, reserved 1114112K
  class space    used 7923K, committed 8768K, reserved 1048576K
}
Event: 25.533 GC heap after
{Heap after GC invocations=36 (full 0):
 garbage-first heap   total 1032192K, used 315117K [0x00000006c6000000, 0x0000000800000000)
  region size 4096K, 11 young (45056K), 11 survivors (45056K)
 Metaspace       used 64328K, committed 66240K, reserved 1114112K
  class space    used 7923K, committed 8768K, reserved 1048576K
}
Event: 25.555 GC heap before
{Heap before GC invocations=36 (full 0):
 garbage-first heap   total 1032192K, used 319213K [0x00000006c6000000, 0x0000000800000000)
  region size 4096K, 12 young (49152K), 11 survivors (45056K)
 Metaspace       used 64412K, committed 66304K, reserved 1114112K
  class space    used 7937K, committed 8768K, reserved 1048576K
}
Event: 25.584 GC heap after
{Heap after GC invocations=37 (full 0):
 garbage-first heap   total 1032192K, used 316293K [0x00000006c6000000, 0x0000000800000000)
  region size 4096K, 2 young (8192K), 2 survivors (8192K)
 Metaspace       used 64412K, committed 66304K, reserved 1114112K
  class space    used 7937K, committed 8768K, reserved 1048576K
}
Event: 27.463 GC heap before
{Heap before GC invocations=37 (full 0):
 garbage-first heap   total 1032192K, used 881541K [0x00000006c6000000, 0x0000000800000000)
  region size 4096K, 140 young (573440K), 2 survivors (8192K)
 Metaspace       used 74605K, committed 76608K, reserved 1122304K
  class space    used 9935K, committed 10816K, reserved 1048576K
}
Event: 27.486 GC heap after
{Heap after GC invocations=38 (full 0):
 garbage-first heap   total 1032192K, used 335875K [0x00000006c6000000, 0x0000000800000000)
  region size 4096K, 7 young (28672K), 7 survivors (28672K)
 Metaspace       used 74605K, committed 76608K, reserved 1122304K
  class space    used 9935K, committed 10816K, reserved 1048576K
}
Event: 29.262 GC heap before
{Heap before GC invocations=39 (full 0):
 garbage-first heap   total 1032192K, used 868355K [0x00000006c6000000, 0x0000000800000000)
  region size 4096K, 137 young (561152K), 7 survivors (28672K)
 Metaspace       used 82360K, committed 84416K, reserved 1122304K
  class space    used 11315K, committed 12224K, reserved 1048576K
}
Event: 29.286 GC heap after
{Heap after GC invocations=40 (full 0):
 garbage-first heap   total 1032192K, used 346254K [0x00000006c6000000, 0x0000000800000000)
  region size 4096K, 9 young (36864K), 9 survivors (36864K)
 Metaspace       used 82360K, committed 84416K, reserved 1122304K
  class space    used 11315K, committed 12224K, reserved 1048576K
}
Event: 29.305 GC heap before
{Heap before GC invocations=40 (full 0):
 garbage-first heap   total 1032192K, used 358542K [0x00000006c6000000, 0x0000000800000000)
  region size 4096K, 12 young (49152K), 9 survivors (36864K)
 Metaspace       used 82483K, committed 84544K, reserved 1122304K
  class space    used 11318K, committed 12224K, reserved 1048576K
}
Event: 29.327 GC heap after
{Heap after GC invocations=41 (full 0):
 garbage-first heap   total 1032192K, used 348241K [0x00000006c6000000, 0x0000000800000000)
  region size 4096K, 2 young (8192K), 2 survivors (8192K)
 Metaspace       used 82483K, committed 84544K, reserved 1122304K
  class space    used 11318K, committed 12224K, reserved 1048576K
}

